--------------------------------------------------------------------------
A requested component was not found, or was unable to be opened.  This
means that this component is either not installed or is unable to be
used on your system (e.g., sometimes this means that shared libraries
that the component requires are unable to be found/loaded).  Note that
PMIx stopped checking at the first component that it did not find.

Host:      bb2u15c1
Framework: psec
Component: munge
--------------------------------------------------------------------------
--------------------------------------------------------------------------
A requested component was not found, or was unable to be opened.  This
means that this component is either not installed or is unable to be
used on your system (e.g., sometimes this means that shared libraries
that the component requires are unable to be found/loaded).  Note that
PMIx stopped checking at the first component that it did not find.

Host:      bb2u15c1
Framework: psec
Component: munge
--------------------------------------------------------------------------
--------------------------------------------------------------------------
A requested component was not found, or was unable to be opened.  This
means that this component is either not installed or is unable to be
used on your system (e.g., sometimes this means that shared libraries
that the component requires are unable to be found/loaded).  Note that
PMIx stopped checking at the first component that it did not find.

Host:      bb2u15c1
Framework: psec
Component: munge
--------------------------------------------------------------------------
--------------------------------------------------------------------------
A requested component was not found, or was unable to be opened.  This
means that this component is either not installed or is unable to be
used on your system (e.g., sometimes this means that shared libraries
that the component requires are unable to be found/loaded).  Note that
PMIx stopped checking at the first component that it did not find.

Host:      bb2u15c1
Framework: psec
Component: munge
--------------------------------------------------------------------------
/home/pzz1/.conda/envs/cmor_mdanderson/lib/python3.10/site-packages/block/__init__.py:15: UserWarning: The cbc.block repository has moved to https://github.com/blocknics/cbc.block
  warnings.warn('The cbc.block repository has moved to https://github.com/blocknics/cbc.block', UserWarning)
/home/pzz1/.conda/envs/cmor_mdanderson/lib/python3.10/site-packages/block/__init__.py:15: UserWarning: The cbc.block repository has moved to https://github.com/blocknics/cbc.block
  warnings.warn('The cbc.block repository has moved to https://github.com/blocknics/cbc.block', UserWarning)
Traceback (most recent call last):
  File "/scratch/pzz1/3d-1d/sweep_array.py", line 9, in <module>
Traceback (most recent call last):
  File "/scratch/pzz1/3d-1d/sweep_array.py", line 9, in <module>
    import fem, tissue
ModuleNotFoundError: No module named 'fem'
    import fem, tissue
ModuleNotFoundError: No module named 'fem'
srun: error: bb2u15c1: tasks 0-1: Exited with exit code 1
