[JOB] START 2025-10-08T00:18:59-05:00
[JOB] JobID: 2446363  Tasks: 8
[JOB] Script : /work2/10756/piercezhang9871/stampede3/3d-1d/study_calibrate.py
[JOB] RunDir : /work2/10756/piercezhang9871/stampede3/3d-1d
[JOB] ProjRt : /work2/10756/piercezhang9871/stampede3/3d-1d
[JOB] Runtime: /opt/apps/tacc-apptainer/1.4.1/bin/apptainer (apptainer version 1.4.1-1.el9)
[JOB] Image  : docker://ghcr.io/isosafrasaurus/tacc-mvapich2.3-python3.12-graphnics:latest
[JOB] Running workload…
Missing HsMG for fract norm computing
Missing HsMG for fract norm computing
Missing HsMG for fract norm computing
Missing HsMG for fract norm computing
Missing HsMG for fract norm computing
Missing HsMG for fract norm computing
Missing HsMG for fract norm computing
Missing HsMG for fract norm computing
=== initialize.py (SciPy Nelder–Mead; no CLI) ===
[MPI] size=8 rank=0
Target net flow      : 5e-06
3D voxel resolution  : 0.001 m
1D mesh exponent     : 5
log10 initial guess  : gamma=6.0, gamma_a=6.0, gamma_R=6.0
log10 simplex steps  : d=[1.0, 1.0, 1.0]
NM tolerances        : tol=1e-10, max_iters=50, max_feval=200
[mesh-cache] Using: /scratch/10756/piercezhang9871/3d-1d/.mesh_cache
[mesh-cache] Need create: True
[mesh-cache] Building 1D mesh (serial) with Graphnics…
