Missing HsMG for fract norm computing
Missing HsMG for fract norm computing
Missing HsMG for fract norm computing
Calling FFC just-in-time (JIT) compiler, this may take some time.
Calling FFC just-in-time (JIT) compiler, this may take some time.
Calling FFC just-in-time (JIT) compiler, this may take some time.
Calling FFC just-in-time (JIT) compiler, this may take some time.
Calling FFC just-in-time (JIT) compiler, this may take some time.
Calling FFC just-in-time (JIT) compiler, this may take some time.
Calling FFC just-in-time (JIT) compiler, this may take some time.
Calling FFC just-in-time (JIT) compiler, this may take some time.
Calling FFC just-in-time (JIT) compiler, this may take some time.
Calling FFC just-in-time (JIT) compiler, this may take some time.
Calling FFC just-in-time (JIT) compiler, this may take some time.
Calling FFC just-in-time (JIT) compiler, this may take some time.
WARNING: user expression has not supplied value_shape method or an element. Assuming scalar element.
WARNING: user expression has not supplied value_shape method or an element. Assuming scalar element.
WARNING: user expression has not supplied value_shape method or an element. Assuming scalar element.
Calling FFC just-in-time (JIT) compiler, this may take some time.
Calling FFC just-in-time (JIT) compiler, this may take some time.
Calling FFC just-in-time (JIT) compiler, this may take some time.
Calling FFC just-in-time (JIT) compiler, this may take some time.
Calling FFC just-in-time (JIT) compiler, this may take some time.
Calling FFC just-in-time (JIT) compiler, this may take some time.
Calling FFC just-in-time (JIT) compiler, this may take some time.
Calling FFC just-in-time (JIT) compiler, this may take some time.
Calling FFC just-in-time (JIT) compiler, this may take some time.
Calling FFC just-in-time (JIT) compiler, this may take some time.
Calling FFC just-in-time (JIT) compiler, this may take some time.
Calling FFC just-in-time (JIT) compiler, this may take some time.
Calling FFC just-in-time (JIT) compiler, this may take some time.
Calling FFC just-in-time (JIT) compiler, this may take some time.
Calling FFC just-in-time (JIT) compiler, this may take some time.
Calling FFC just-in-time (JIT) compiler, this may take some time.
Calling FFC just-in-time (JIT) compiler, this may take some time.
Calling FFC just-in-time (JIT) compiler, this may take some time.
Calling FFC just-in-time (JIT) compiler, this may take some time.
Calling FFC just-in-time (JIT) compiler, this may take some time.
Calling FFC just-in-time (JIT) compiler, this may take some time.
Calling FFC just-in-time (JIT) compiler, this may take some time.
Calling FFC just-in-time (JIT) compiler, this may take some time.
Calling FFC just-in-time (JIT) compiler, this may take some time.
Calling FFC just-in-time (JIT) compiler, this may take some time.
Calling FFC just-in-time (JIT) compiler, this may take some time.
Calling FFC just-in-time (JIT) compiler, this may take some time.
Calling FFC just-in-time (JIT) compiler, this may take some time.
Calling FFC just-in-time (JIT) compiler, this may take some time.
Calling FFC just-in-time (JIT) compiler, this may take some time.
Calling FFC just-in-time (JIT) compiler, this may take some time.
Calling FFC just-in-time (JIT) compiler, this may take some time.
Calling FFC just-in-time (JIT) compiler, this may take some time.
Calling FFC just-in-time (JIT) compiler, this may take some time.
Calling FFC just-in-time (JIT) compiler, this may take some time.
Calling FFC just-in-time (JIT) compiler, this may take some time.
Calling FFC just-in-time (JIT) compiler, this may take some time.
Calling FFC just-in-time (JIT) compiler, this may take some time.
Calling FFC just-in-time (JIT) compiler, this may take some time.
Calling FFC just-in-time (JIT) compiler, this may take some time.
Calling FFC just-in-time (JIT) compiler, this may take some time.
Calling FFC just-in-time (JIT) compiler, this may take some time.
Calling FFC just-in-time (JIT) compiler, this may take some time.
Calling FFC just-in-time (JIT) compiler, this may take some time.
Calling FFC just-in-time (JIT) compiler, this may take some time.
Calling FFC just-in-time (JIT) compiler, this may take some time.
Calling FFC just-in-time (JIT) compiler, this may take some time.
Calling FFC just-in-time (JIT) compiler, this may take some time.
Calling FFC just-in-time (JIT) compiler, this may take some time.
Calling FFC just-in-time (JIT) compiler, this may take some time.
Calling FFC just-in-time (JIT) compiler, this may take some time.
Calling FFC just-in-time (JIT) compiler, this may take some time.
Calling FFC just-in-time (JIT) compiler, this may take some time.
Calling FFC just-in-time (JIT) compiler, this may take some time.
Calling FFC just-in-time (JIT) compiler, this may take some time.
Calling FFC just-in-time (JIT) compiler, this may take some time.
Calling FFC just-in-time (JIT) compiler, this may take some time.
Calling FFC just-in-time (JIT) compiler, this may take some time.
Calling FFC just-in-time (JIT) compiler, this may take some time.
Calling FFC just-in-time (JIT) compiler, this may take some time.
Calling FFC just-in-time (JIT) compiler, this may take some time.
Calling FFC just-in-time (JIT) compiler, this may take some time.
Calling FFC just-in-time (JIT) compiler, this may take some time.
Calling FFC just-in-time (JIT) compiler, this may take some time.
Calling FFC just-in-time (JIT) compiler, this may take some time.
Calling FFC just-in-time (JIT) compiler, this may take some time.
Calling FFC just-in-time (JIT) compiler, this may take some time.
Calling FFC just-in-time (JIT) compiler, this may take some time.
Calling FFC just-in-time (JIT) compiler, this may take some time.
Calling FFC just-in-time (JIT) compiler, this may take some time.
Calling FFC just-in-time (JIT) compiler, this may take some time.
Calling FFC just-in-time (JIT) compiler, this may take some time.
Calling FFC just-in-time (JIT) compiler, this may take some time.
Calling FFC just-in-time (JIT) compiler, this may take some time.
[rank=0] [val=1.000e-10] iter log-params=[-10.42956218 -15.43380798 -16.22170322]
                   params=[1.00000000e-10 1.98235925e-07 9.01579035e-08]
                   flow  =2.394e-04

[rank=0] [val=1.000e-10] iter log-params=[-10.42956218 -15.43380798 -16.22170322]
                   params=[1.00000000e-10 1.98235925e-07 9.01579035e-08]
                   flow  =2.394e-04

[rank=0] [val=1.000e-10] iter log-params=[-10.926208   -15.43380798 -14.6767791 ]
                   params=[1.00000000e-10 1.98235925e-07 4.22625622e-07]
                   flow  =2.396e-04

[rank=0] [val=1.000e-10] iter log-params=[-10.926208   -15.43380798 -14.6767791 ]
                   params=[1.00000000e-10 1.98235925e-07 4.22625622e-07]
                   flow  =2.396e-04

[rank=0] [val=1.000e-10] iter log-params=[-10.42956218 -13.71894042 -15.44924116]
                   params=[1.00000000e-10 1.10138682e-06 1.95200000e-07]
                   flow  =1.157e-03

[rank=0] [val=1.000e-10] iter log-params=[-10.42956218 -13.71894042 -15.44924116]
                   params=[1.00000000e-10 1.10138682e-06 1.95200000e-07]
                   flow  =1.157e-03

[rank=0] [val=1.000e-10] iter log-params=[-11.91949964 -10.28920532 -15.44924116]
                   params=[1.00000000e-10 3.39981204e-05 1.95200000e-07]
                   flow  =7.068e-03

[rank=0] [val=1.000e-10] iter log-params=[-11.91949964 -10.28920532 -15.44924116]
                   params=[1.00000000e-10 3.39981204e-05 1.95200000e-07]
                   flow  =7.068e-03

[rank=0] [val=1.000e-10] iter log-params=[-12.41614545  -8.57433776 -13.13185499]
                   params=[1.00000000e-10 1.88891503e-04 1.98110658e-06]
                   flow  =1.185e-02

[rank=0] [val=1.000e-10] iter log-params=[-12.41614545  -8.57433776 -13.13185499]
                   params=[1.00000000e-10 1.88891503e-04 1.98110658e-06]
                   flow  =1.185e-02

[rank=0] [val=1.000e-10] iter log-params=[-12.41614545  -8.57433776 -13.13185499]
                   params=[1.00000000e-10 1.88891503e-04 1.98110658e-06]
                   flow  =1.185e-02

[rank=0] [val=1.000e-10] iter log-params=[-12.41614545  -8.57433776 -13.13185499]
                   params=[1.00000000e-10 1.88891503e-04 1.98110658e-06]
                   flow  =1.185e-02

[rank=0] [val=1.000e-10] iter log-params=[-12.41614545  -8.57433776 -13.13185499]
                   params=[1.00000000e-10 1.88891503e-04 1.98110658e-06]
                   flow  =1.185e-02

[rank=0] [val=1.000e-10] iter log-params=[-12.41614545  -8.57433776 -13.13185499]
                   params=[1.00000000e-10 1.88891503e-04 1.98110658e-06]
                   flow  =1.185e-02

[rank=0] [val=1.000e-10] iter log-params=[-12.14023111  -5.3351435  -11.84441822]
                   params=[1.00000000e-10 4.81921851e-03 7.17851353e-06]
                   flow  =1.268e-01

[rank=0] [val=1.000e-10] iter log-params=[-12.14023111  -5.3351435  -11.84441822]
                   params=[1.00000000e-10 4.81921851e-03 7.17851353e-06]
                   flow  =1.268e-01

[rank=0] [val=1.000e-10] iter log-params=[-12.14023111  -5.3351435  -11.84441822]
                   params=[1.00000000e-10 4.81921851e-03 7.17851353e-06]
                   flow  =1.268e-01

[rank=0] [val=1.000e-10] iter log-params=[-12.14023111  -5.3351435  -11.84441822]
                   params=[1.00000000e-10 4.81921851e-03 7.17851353e-06]
                   flow  =1.268e-01

[rank=0] [val=1.000e-10] iter log-params=[-12.14023111  -5.3351435  -11.84441822]
                   params=[1.00000000e-10 4.81921851e-03 7.17851353e-06]
                   flow  =1.268e-01

[rank=0] [val=1.000e-10] iter log-params=[-12.14023111  -5.3351435  -11.84441822]
                   params=[1.00000000e-10 4.81921851e-03 7.17851353e-06]
                   flow  =1.268e-01

[rank=0] [val=1.000e-10] iter log-params=[-12.80242553  -5.90676602  -7.98210793]
                   params=[1.00000000e-10 2.72097226e-03 3.41518764e-04]
                   flow  =7.481e-02

[rank=0] [val=1.000e-10] iter log-params=[-12.80242553  -5.90676602  -7.98210793]
                   params=[1.00000000e-10 2.72097226e-03 3.41518764e-04]
                   flow  =7.481e-02

[rank=0] [val=1.000e-10] iter log-params=[-12.80242553  -5.90676602  -7.98210793]
                   params=[1.00000000e-10 2.72097226e-03 3.41518764e-04]
                   flow  =7.481e-02

[rank=0] [val=1.000e-10] iter log-params=[-12.80242553  -5.90676602  -7.98210793]
                   params=[1.00000000e-10 2.72097226e-03 3.41518764e-04]
                   flow  =7.481e-02

[rank=0] [val=1.000e-10] iter log-params=[-12.80242553  -5.90676602  -7.98210793]
                   params=[1.00000000e-10 2.72097226e-03 3.41518764e-04]
                   flow  =7.481e-02

[rank=0] [val=1.000e-10] iter log-params=[-12.80242553  -5.90676602  -7.98210793]
                   params=[1.00000000e-10 2.72097226e-03 3.41518764e-04]
                   flow  =7.481e-02

[rank=0] [val=1.000e-10] iter log-params=[-12.7124979   -7.48049221  -4.21516333]
                   params=[1.00000000e-10 5.63979753e-04 1.47699092e-02]
                   flow  =2.131e-02

[rank=0] [val=1.000e-10] iter log-params=[-12.7124979   -7.48049221  -4.21516333]
                   params=[1.00000000e-10 5.63979753e-04 1.47699092e-02]
                   flow  =2.131e-02

[rank=0] [val=1.000e-10] iter log-params=[-12.7124979   -7.48049221  -4.21516333]
                   params=[1.00000000e-10 5.63979753e-04 1.47699092e-02]
                   flow  =2.131e-02

[rank=0] [val=1.000e-10] iter log-params=[-12.7124979   -7.48049221  -4.21516333]
                   params=[1.00000000e-10 5.63979753e-04 1.47699092e-02]
                   flow  =2.131e-02

[rank=0] [val=1.000e-10] iter log-params=[-12.7124979   -7.48049221  -4.21516333]
                   params=[1.00000000e-10 5.63979753e-04 1.47699092e-02]
                   flow  =2.131e-02

[rank=0] [val=1.000e-10] iter log-params=[-12.7124979   -7.48049221  -4.21516333]
                   params=[1.00000000e-10 5.63979753e-04 1.47699092e-02]
                   flow  =2.131e-02

[rank=0] [val=1.000e-10] iter log-params=[-12.94223727  -5.45642052  -4.61004791]
                   params=[1.00000000e-10 4.26880854e-03 9.95134151e-03]
                   flow  =1.132e-01

[rank=0] [val=1.000e-10] iter log-params=[-12.94223727  -5.45642052  -4.61004791]
                   params=[1.00000000e-10 4.26880854e-03 9.95134151e-03]
                   flow  =1.132e-01

[rank=0] [val=1.000e-10] iter log-params=[-12.52552713  -6.91566538   0.53863952]
                   params=[1.00000000e-10 9.92121098e-04 1.71367386e+00]
                   flow  =3.196e-02

[rank=0] [val=1.000e-10] iter log-params=[-12.52552713  -6.91566538   0.53863952]
                   params=[1.00000000e-10 9.92121098e-04 1.71367386e+00]
                   flow  =3.196e-02

[rank=0] [val=1.000e-10] iter log-params=[-12.52552713  -6.91566538   0.53863952]
                   params=[1.00000000e-10 9.92121098e-04 1.71367386e+00]
                   flow  =3.196e-02

[rank=0] [val=1.000e-10] iter log-params=[-12.52552713  -6.91566538   0.53863952]
                   params=[1.00000000e-10 9.92121098e-04 1.71367386e+00]
                   flow  =3.196e-02

Calling FFC just-in-time (JIT) compiler, this may take some time.
Calling FFC just-in-time (JIT) compiler, this may take some time.
Calling FFC just-in-time (JIT) compiler, this may take some time.
Calling FFC just-in-time (JIT) compiler, this may take some time.
Calling FFC just-in-time (JIT) compiler, this may take some time.
Calling FFC just-in-time (JIT) compiler, this may take some time.
[rank=0] [val=4.281e-10] iter log-params=[-10.42956218 -15.43380798 -16.22170322]
                   params=[4.28133240e-10 1.98235925e-07 9.01579035e-08]
                   flow  =2.385e-04

[rank=0] [val=4.281e-10] iter log-params=[-10.926208   -15.43380798 -14.6767791 ]
                   params=[4.28133240e-10 1.98235925e-07 4.22625622e-07]
                   flow  =2.394e-04

[rank=0] [val=4.281e-10] iter log-params=[-10.42956218 -13.71894042 -15.44924116]
                   params=[4.28133240e-10 1.10138682e-06 1.95200000e-07]
                   flow  =1.155e-03

[rank=0] [val=4.281e-10] iter log-params=[-11.91949964 -10.28920532 -15.44924116]
                   params=[4.28133240e-10 3.39981204e-05 1.95200000e-07]
                   flow  =7.062e-03

[rank=0] [val=4.281e-10] iter log-params=[-12.41614545  -8.57433776 -13.13185499]
                   params=[4.28133240e-10 1.88891503e-04 1.98110658e-06]
                   flow  =1.184e-02

[rank=0] [val=4.281e-10] iter log-params=[-12.41614545  -8.57433776 -13.13185499]
                   params=[4.28133240e-10 1.88891503e-04 1.98110658e-06]
                   flow  =1.184e-02

[rank=0] [val=4.281e-10] iter log-params=[-12.41614545  -8.57433776 -13.13185499]
                   params=[4.28133240e-10 1.88891503e-04 1.98110658e-06]
                   flow  =1.184e-02

[rank=0] [val=4.281e-10] iter log-params=[-12.14023111  -5.3351435  -11.84441822]
                   params=[4.28133240e-10 4.81921851e-03 7.17851353e-06]
                   flow  =1.268e-01

[rank=0] [val=4.281e-10] iter log-params=[-12.14023111  -5.3351435  -11.84441822]
                   params=[4.28133240e-10 4.81921851e-03 7.17851353e-06]
                   flow  =1.268e-01

[rank=0] [val=4.281e-10] iter log-params=[-12.14023111  -5.3351435  -11.84441822]
                   params=[4.28133240e-10 4.81921851e-03 7.17851353e-06]
                   flow  =1.268e-01

[rank=0] [val=4.281e-10] iter log-params=[-12.80242553  -5.90676602  -7.98210793]
                   params=[4.28133240e-10 2.72097226e-03 3.41518764e-04]
                   flow  =7.481e-02

[rank=0] [val=4.281e-10] iter log-params=[-12.80242553  -5.90676602  -7.98210793]
                   params=[4.28133240e-10 2.72097226e-03 3.41518764e-04]
                   flow  =7.481e-02

[rank=0] [val=4.281e-10] iter log-params=[-12.80242553  -5.90676602  -7.98210793]
                   params=[4.28133240e-10 2.72097226e-03 3.41518764e-04]
                   flow  =7.481e-02

[rank=0] [val=4.281e-10] iter log-params=[-12.7124979   -7.48049221  -4.21516333]
                   params=[4.28133240e-10 5.63979753e-04 1.47699092e-02]
                   flow  =2.131e-02

[rank=0] [val=4.281e-10] iter log-params=[-12.7124979   -7.48049221  -4.21516333]
                   params=[4.28133240e-10 5.63979753e-04 1.47699092e-02]
                   flow  =2.131e-02

[rank=0] [val=4.281e-10] iter log-params=[-12.7124979   -7.48049221  -4.21516333]
                   params=[4.28133240e-10 5.63979753e-04 1.47699092e-02]
                   flow  =2.131e-02

[rank=0] [val=4.281e-10] iter log-params=[-12.94223727  -5.45642052  -4.61004791]
                   params=[4.28133240e-10 4.26880854e-03 9.95134151e-03]
                   flow  =1.132e-01

[rank=0] [val=4.281e-10] iter log-params=[-12.52552713  -6.91566538   0.53863952]
                   params=[4.28133240e-10 9.92121098e-04 1.71367386e+00]
                   flow  =3.195e-02

[rank=0] [val=4.281e-10] iter log-params=[-12.52552713  -6.91566538   0.53863952]
                   params=[4.28133240e-10 9.92121098e-04 1.71367386e+00]
                   flow  =3.195e-02

[rank=0] [val=1.833e-09] iter log-params=[-10.42956218 -15.43380798 -16.22170322]
                   params=[1.83298071e-09 1.98235925e-07 9.01579035e-08]
                   flow  =2.351e-04

[rank=0] [val=1.833e-09] iter log-params=[-10.926208   -15.43380798 -14.6767791 ]
                   params=[1.83298071e-09 1.98235925e-07 4.22625622e-07]
                   flow  =2.386e-04

[rank=0] [val=1.833e-09] iter log-params=[-10.42956218 -13.71894042 -15.44924116]
                   params=[1.83298071e-09 1.10138682e-06 1.95200000e-07]
                   flow  =1.148e-03

[rank=0] [val=1.833e-09] iter log-params=[-11.91949964 -10.28920532 -15.44924116]
                   params=[1.83298071e-09 3.39981204e-05 1.95200000e-07]
                   flow  =7.033e-03

[rank=0] [val=1.833e-09] iter log-params=[-12.41614545  -8.57433776 -13.13185499]
                   params=[1.83298071e-09 1.88891503e-04 1.98110658e-06]
                   flow  =1.184e-02

[rank=0] [val=1.833e-09] iter log-params=[-12.41614545  -8.57433776 -13.13185499]
                   params=[1.83298071e-09 1.88891503e-04 1.98110658e-06]
                   flow  =1.184e-02

[rank=0] [val=1.833e-09] iter log-params=[-12.41614545  -8.57433776 -13.13185499]
                   params=[1.83298071e-09 1.88891503e-04 1.98110658e-06]
                   flow  =1.184e-02

[rank=0] [val=1.833e-09] iter log-params=[-12.14023111  -5.3351435  -11.84441822]
                   params=[1.83298071e-09 4.81921851e-03 7.17851353e-06]
                   flow  =1.267e-01

[rank=0] [val=1.833e-09] iter log-params=[-12.14023111  -5.3351435  -11.84441822]
                   params=[1.83298071e-09 4.81921851e-03 7.17851353e-06]
                   flow  =1.267e-01

[rank=0] [val=1.833e-09] iter log-params=[-12.14023111  -5.3351435  -11.84441822]
                   params=[1.83298071e-09 4.81921851e-03 7.17851353e-06]
                   flow  =1.267e-01

[rank=0] [val=1.833e-09] iter log-params=[-12.80242553  -5.90676602  -7.98210793]
                   params=[1.83298071e-09 2.72097226e-03 3.41518764e-04]
                   flow  =7.480e-02

[rank=0] [val=1.833e-09] iter log-params=[-12.80242553  -5.90676602  -7.98210793]
                   params=[1.83298071e-09 2.72097226e-03 3.41518764e-04]
                   flow  =7.480e-02

[rank=0] [val=1.833e-09] iter log-params=[-12.80242553  -5.90676602  -7.98210793]
                   params=[1.83298071e-09 2.72097226e-03 3.41518764e-04]
                   flow  =7.480e-02

[rank=0] [val=1.833e-09] iter log-params=[-12.7124979   -7.48049221  -4.21516333]
                   params=[1.83298071e-09 5.63979753e-04 1.47699092e-02]
                   flow  =2.131e-02

[rank=0] [val=1.833e-09] iter log-params=[-12.7124979   -7.48049221  -4.21516333]
                   params=[1.83298071e-09 5.63979753e-04 1.47699092e-02]
                   flow  =2.131e-02

[rank=0] [val=1.833e-09] iter log-params=[-12.7124979   -7.48049221  -4.21516333]
                   params=[1.83298071e-09 5.63979753e-04 1.47699092e-02]
                   flow  =2.131e-02

[rank=0] [val=1.833e-09] iter log-params=[-12.94223727  -5.45642052  -4.61004791]
                   params=[1.83298071e-09 4.26880854e-03 9.95134151e-03]
                   flow  =1.131e-01

[rank=0] [val=1.833e-09] iter log-params=[-12.52552713  -6.91566538   0.53863952]
                   params=[1.83298071e-09 9.92121098e-04 1.71367386e+00]
                   flow  =3.195e-02

[rank=0] [val=1.833e-09] iter log-params=[-12.52552713  -6.91566538   0.53863952]
                   params=[1.83298071e-09 9.92121098e-04 1.71367386e+00]
                   flow  =3.195e-02

[rank=0] [val=7.848e-09] iter log-params=[-10.42956218 -15.43380798 -16.22170322]
                   params=[7.84759970e-09 1.98235925e-07 9.01579035e-08]
                   flow  =2.215e-04

[rank=0] [val=7.848e-09] iter log-params=[-10.926208   -15.43380798 -14.6767791 ]
                   params=[7.84759970e-09 1.98235925e-07 4.22625622e-07]
                   flow  =2.354e-04

[rank=0] [val=7.848e-09] iter log-params=[-10.42956218 -13.71894042 -15.44924116]
                   params=[7.84759970e-09 1.10138682e-06 1.95200000e-07]
                   flow  =1.117e-03

[rank=0] [val=7.848e-09] iter log-params=[-11.91949964 -10.28920532 -15.44924116]
                   params=[7.84759970e-09 3.39981204e-05 1.95200000e-07]
                   flow  =6.915e-03

[rank=0] [val=7.848e-09] iter log-params=[-12.41614545  -8.57433776 -13.13185499]
                   params=[7.84759970e-09 1.88891503e-04 1.98110658e-06]
                   flow  =1.182e-02

[rank=0] [val=7.848e-09] iter log-params=[-12.41614545  -8.57433776 -13.13185499]
                   params=[7.84759970e-09 1.88891503e-04 1.98110658e-06]
                   flow  =1.182e-02

[rank=0] [val=7.848e-09] iter log-params=[-12.41614545  -8.57433776 -13.13185499]
                   params=[7.84759970e-09 1.88891503e-04 1.98110658e-06]
                   flow  =1.182e-02

[rank=0] [val=7.848e-09] iter log-params=[-12.14023111  -5.3351435  -11.84441822]
                   params=[7.84759970e-09 4.81921851e-03 7.17851353e-06]
                   flow  =1.266e-01

[rank=0] [val=7.848e-09] iter log-params=[-12.14023111  -5.3351435  -11.84441822]
                   params=[7.84759970e-09 4.81921851e-03 7.17851353e-06]
                   flow  =1.266e-01

[rank=0] [val=7.848e-09] iter log-params=[-12.14023111  -5.3351435  -11.84441822]
                   params=[7.84759970e-09 4.81921851e-03 7.17851353e-06]
                   flow  =1.266e-01

[rank=0] [val=7.848e-09] iter log-params=[-12.80242553  -5.90676602  -7.98210793]
                   params=[7.84759970e-09 2.72097226e-03 3.41518764e-04]
                   flow  =7.477e-02

[rank=0] [val=7.848e-09] iter log-params=[-12.80242553  -5.90676602  -7.98210793]
                   params=[7.84759970e-09 2.72097226e-03 3.41518764e-04]
                   flow  =7.477e-02

[rank=0] [val=7.848e-09] iter log-params=[-12.80242553  -5.90676602  -7.98210793]
                   params=[7.84759970e-09 2.72097226e-03 3.41518764e-04]
                   flow  =7.477e-02

[rank=0] [val=7.848e-09] iter log-params=[-12.7124979   -7.48049221  -4.21516333]
                   params=[7.84759970e-09 5.63979753e-04 1.47699092e-02]
                   flow  =2.130e-02

[rank=0] [val=7.848e-09] iter log-params=[-12.7124979   -7.48049221  -4.21516333]
                   params=[7.84759970e-09 5.63979753e-04 1.47699092e-02]
                   flow  =2.130e-02

[rank=0] [val=7.848e-09] iter log-params=[-12.7124979   -7.48049221  -4.21516333]
                   params=[7.84759970e-09 5.63979753e-04 1.47699092e-02]
                   flow  =2.130e-02

[rank=0] [val=7.848e-09] iter log-params=[-12.94223727  -5.45642052  -4.61004791]
                   params=[7.84759970e-09 4.26880854e-03 9.95134151e-03]
                   flow  =1.131e-01

[rank=0] [val=7.848e-09] iter log-params=[-12.52552713  -6.91566538   0.53863952]
                   params=[7.84759970e-09 9.92121098e-04 1.71367386e+00]
                   flow  =3.194e-02

[rank=0] [val=7.848e-09] iter log-params=[-12.52552713  -6.91566538   0.53863952]
                   params=[7.84759970e-09 9.92121098e-04 1.71367386e+00]
                   flow  =3.194e-02

[rank=0] [val=3.360e-08] iter log-params=[-10.42956218 -15.43380798 -16.22170322]
                   params=[3.35981829e-08 1.98235925e-07 9.01579035e-08]
                   flow  =1.786e-04

[rank=0] [val=3.360e-08] iter log-params=[-10.926208   -15.43380798 -14.6767791 ]
                   params=[3.35981829e-08 1.98235925e-07 4.22625622e-07]
                   flow  =2.225e-04

[rank=0] [val=3.360e-08] iter log-params=[-10.42956218 -13.71894042 -15.44924116]
                   params=[3.35981829e-08 1.10138682e-06 1.95200000e-07]
                   flow  =1.004e-03

[rank=0] [val=3.360e-08] iter log-params=[-11.91949964 -10.28920532 -15.44924116]
                   params=[3.35981829e-08 3.39981204e-05 1.95200000e-07]
                   flow  =6.455e-03

[rank=0] [val=3.360e-08] iter log-params=[-12.41614545  -8.57433776 -13.13185499]
                   params=[3.35981829e-08 1.88891503e-04 1.98110658e-06]
                   flow  =1.172e-02

[rank=0] [val=3.360e-08] iter log-params=[-12.41614545  -8.57433776 -13.13185499]
                   params=[3.35981829e-08 1.88891503e-04 1.98110658e-06]
                   flow  =1.172e-02

[rank=0] [val=3.360e-08] iter log-params=[-12.41614545  -8.57433776 -13.13185499]
                   params=[3.35981829e-08 1.88891503e-04 1.98110658e-06]
                   flow  =1.172e-02

[rank=0] [val=3.360e-08] iter log-params=[-12.14023111  -5.3351435  -11.84441822]
                   params=[3.35981829e-08 4.81921851e-03 7.17851353e-06]
                   flow  =1.262e-01

[rank=0] [val=3.360e-08] iter log-params=[-12.14023111  -5.3351435  -11.84441822]
                   params=[3.35981829e-08 4.81921851e-03 7.17851353e-06]
                   flow  =1.262e-01

[rank=0] [val=3.360e-08] iter log-params=[-12.14023111  -5.3351435  -11.84441822]
                   params=[3.35981829e-08 4.81921851e-03 7.17851353e-06]
                   flow  =1.262e-01

[rank=0] [val=3.360e-08] iter log-params=[-12.80242553  -5.90676602  -7.98210793]
                   params=[3.35981829e-08 2.72097226e-03 3.41518764e-04]
                   flow  =7.466e-02

[rank=0] [val=3.360e-08] iter log-params=[-12.80242553  -5.90676602  -7.98210793]
                   params=[3.35981829e-08 2.72097226e-03 3.41518764e-04]
                   flow  =7.466e-02

[rank=0] [val=3.360e-08] iter log-params=[-12.80242553  -5.90676602  -7.98210793]
                   params=[3.35981829e-08 2.72097226e-03 3.41518764e-04]
                   flow  =7.466e-02

[rank=0] [val=3.360e-08] iter log-params=[-12.7124979   -7.48049221  -4.21516333]
                   params=[3.35981829e-08 5.63979753e-04 1.47699092e-02]
                   flow  =2.127e-02

[rank=0] [val=3.360e-08] iter log-params=[-12.7124979   -7.48049221  -4.21516333]
                   params=[3.35981829e-08 5.63979753e-04 1.47699092e-02]
                   flow  =2.127e-02

[rank=0] [val=3.360e-08] iter log-params=[-12.7124979   -7.48049221  -4.21516333]
                   params=[3.35981829e-08 5.63979753e-04 1.47699092e-02]
                   flow  =2.127e-02

[rank=0] [val=3.360e-08] iter log-params=[-12.94223727  -5.45642052  -4.61004791]
                   params=[3.35981829e-08 4.26880854e-03 9.95134151e-03]
                   flow  =1.129e-01

[rank=0] [val=3.360e-08] iter log-params=[-12.52552713  -6.91566538   0.53863952]
                   params=[3.35981829e-08 9.92121098e-04 1.71367386e+00]
                   flow  =3.189e-02

[rank=0] [val=3.360e-08] iter log-params=[-12.52552713  -6.91566538   0.53863952]
                   params=[3.35981829e-08 9.92121098e-04 1.71367386e+00]
                   flow  =3.189e-02

[rank=0] [val=1.438e-07] iter log-params=[-10.42956218 -15.43380798 -16.22170322]
                   params=[1.43844989e-07 1.98235925e-07 9.01579035e-08]
                   flow  =1.023e-04

[rank=0] [val=1.438e-07] iter log-params=[-10.926208   -15.43380798 -14.6767791 ]
                   params=[1.43844989e-07 1.98235925e-07 4.22625622e-07]
                   flow  =1.812e-04

[rank=0] [val=1.438e-07] iter log-params=[-10.42956218 -13.71894042 -15.44924116]
                   params=[1.43844989e-07 1.10138682e-06 1.95200000e-07]
                   flow  =7.096e-04

[rank=0] [val=1.438e-07] iter log-params=[-11.91949964 -10.28920532 -15.44924116]
                   params=[1.43844989e-07 3.39981204e-05 1.95200000e-07]
                   flow  =5.085e-03

[rank=0] [val=1.438e-07] iter log-params=[-12.41614545  -8.57433776 -13.13185499]
                   params=[1.43844989e-07 1.88891503e-04 1.98110658e-06]
                   flow  =1.135e-02

[rank=0] [val=1.438e-07] iter log-params=[-12.41614545  -8.57433776 -13.13185499]
                   params=[1.43844989e-07 1.88891503e-04 1.98110658e-06]
                   flow  =1.135e-02

[rank=0] [val=1.438e-07] iter log-params=[-12.41614545  -8.57433776 -13.13185499]
                   params=[1.43844989e-07 1.88891503e-04 1.98110658e-06]
                   flow  =1.135e-02

[rank=0] [val=1.438e-07] iter log-params=[-12.14023111  -5.3351435  -11.84441822]
                   params=[1.43844989e-07 4.81921851e-03 7.17851353e-06]
                   flow  =1.245e-01

[rank=0] [val=1.438e-07] iter log-params=[-12.14023111  -5.3351435  -11.84441822]
                   params=[1.43844989e-07 4.81921851e-03 7.17851353e-06]
                   flow  =1.245e-01

[rank=0] [val=1.438e-07] iter log-params=[-12.14023111  -5.3351435  -11.84441822]
                   params=[1.43844989e-07 4.81921851e-03 7.17851353e-06]
                   flow  =1.245e-01

[rank=0] [val=1.438e-07] iter log-params=[-12.80242553  -5.90676602  -7.98210793]
                   params=[1.43844989e-07 2.72097226e-03 3.41518764e-04]
                   flow  =7.417e-02

[rank=0] [val=1.438e-07] iter log-params=[-12.80242553  -5.90676602  -7.98210793]
                   params=[1.43844989e-07 2.72097226e-03 3.41518764e-04]
                   flow  =7.417e-02

[rank=0] [val=1.438e-07] iter log-params=[-12.80242553  -5.90676602  -7.98210793]
                   params=[1.43844989e-07 2.72097226e-03 3.41518764e-04]
                   flow  =7.417e-02

[rank=0] [val=1.438e-07] iter log-params=[-12.7124979   -7.48049221  -4.21516333]
                   params=[1.43844989e-07 5.63979753e-04 1.47699092e-02]
                   flow  =2.113e-02

[rank=0] [val=1.438e-07] iter log-params=[-12.7124979   -7.48049221  -4.21516333]
                   params=[1.43844989e-07 5.63979753e-04 1.47699092e-02]
                   flow  =2.113e-02

[rank=0] [val=1.438e-07] iter log-params=[-12.7124979   -7.48049221  -4.21516333]
                   params=[1.43844989e-07 5.63979753e-04 1.47699092e-02]
                   flow  =2.113e-02

[rank=0] [val=1.438e-07] iter log-params=[-12.94223727  -5.45642052  -4.61004791]
                   params=[1.43844989e-07 4.26880854e-03 9.95134151e-03]
                   flow  =1.122e-01

[rank=0] [val=1.438e-07] iter log-params=[-12.52552713  -6.91566538   0.53863952]
                   params=[1.43844989e-07 9.92121098e-04 1.71367386e+00]
                   flow  =3.168e-02

[rank=0] [val=1.438e-07] iter log-params=[-12.52552713  -6.91566538   0.53863952]
                   params=[1.43844989e-07 9.92121098e-04 1.71367386e+00]
                   flow  =3.168e-02

[rank=0] [val=6.158e-07] iter log-params=[-10.42956218 -15.43380798 -16.22170322]
                   params=[6.15848211e-07 1.98235925e-07 9.01579035e-08]
                   flow  =4.561e-05

[rank=0] [val=6.158e-07] iter log-params=[-10.926208   -15.43380798 -14.6767791 ]
                   params=[6.15848211e-07 1.98235925e-07 4.22625622e-07]
                   flow  =1.065e-04

[rank=0] [val=6.158e-07] iter log-params=[-10.42956218 -13.71894042 -15.44924116]
                   params=[6.15848211e-07 1.10138682e-06 1.95200000e-07]
                   flow  =3.488e-04

[rank=0] [val=6.158e-07] iter log-params=[-11.91949964 -10.28920532 -15.44924116]
                   params=[6.15848211e-07 3.39981204e-05 1.95200000e-07]
                   flow  =2.936e-03

[rank=0] [val=6.158e-07] iter log-params=[-12.41614545  -8.57433776 -13.13185499]
                   params=[6.15848211e-07 1.88891503e-04 1.98110658e-06]
                   flow  =1.001e-02

